C51 COMPILER V9.60.0.0   TIMER                                                             12/21/2020 23:33:29 PAGE 1   


C51 COMPILER V9.60.0.0, COMPILATION OF MODULE TIMER
OBJECT MODULE PLACED IN .\Objects\timer.obj
COMPILER INVOKED BY: D:\Program Files (x86)\Keil_v5\C51\BIN\C51.EXE timer.c OPTIMIZE(8,SPEED) BROWSE INCDIR(D:\Program F
                    -iles (x86)\Keil_v5\C51\INC) DEBUG OBJECTEXTEND PRINT(.\Listings\timer.lst) TABS(2) OBJECT(.\Objects\timer.obj)

line level    source

   1          #include "reg52.h"
   2          #include "clock.h"
   3          #include "show.h"
   4          #include "timer.h"
   5          typedef unsigned int u16;   //对数据类型进行声明定义
   6          typedef unsigned char u8;
   7          void Timer0Init()
   8          {
   9   1        TMOD|=0X01;//选择为定时器0模式，工作方式1，仅用TR0打开启动。
  10   1      
  11   1        TH0=0XFC; //给定时器赋初值，定时1ms
  12   1        TL0=0X18; 
  13   1        ET0=1;//打开定时器0中断允许
  14   1        EA=1;//打开总中断
  15   1        TR0=1;//打开定时器      
  16   1      }
  17          
  18          void Timer0() interrupt 1
  19          {
  20   1        static u16 i;
  21   1        TH0=0XFC; //给定时器赋初值，定时1ms
  22   1        TL0=0X18;
  23   1        i++;
  24   1        if(i==1000)//1s执行一次
  25   1        {
  26   2          ClockAdd();
  27   2          ClockUpdate();
  28   2          ChangeIntoSegBuf(GetClock());
  29   2          i=0;
  30   2          //LedAction();
  31   2        } 
  32   1      }
  33          


MODULE INFORMATION:   STATIC OVERLAYABLE
   CODE SIZE        =    112    ----
   CONSTANT SIZE    =   ----    ----
   XDATA SIZE       =   ----    ----
   PDATA SIZE       =   ----    ----
   DATA SIZE        =      2    ----
   IDATA SIZE       =   ----    ----
   BIT SIZE         =   ----    ----
END OF MODULE INFORMATION.


C51 COMPILATION COMPLETE.  0 WARNING(S),  0 ERROR(S)
